2023-03-26 14:58:10,858 [Worker-6: Loading available Gradle versions] INFO  o.e.b.c.i.u.g.PublishedGradleVersions - Gradle version information cache is up-to-date. Trying to read.
2023-03-26 14:59:20,109 [Worker-2: Launching mavenrun-3213a209-fef6-4eeb-8621-7d53cd84a3f7] INFO  o.eclipse.m2e.core.internal.Bundles - getClasspathEntries(Bundle=org.eclipse.m2e.maven.runtime_3.8.701.20230209-1606 [607])
2023-03-26 14:59:20,116 [Worker-2: Launching mavenrun-3213a209-fef6-4eeb-8621-7d53cd84a3f7] INFO  o.eclipse.m2e.core.internal.Bundles - 	Entry: C:\Users\Parth\.p2\pool\plugins\org.eclipse.m2e.maven.runtime_3.8.701.20230209-1606
2023-03-26 14:59:20,117 [Worker-2: Launching mavenrun-3213a209-fef6-4eeb-8621-7d53cd84a3f7] INFO  o.eclipse.m2e.core.internal.Bundles - 	Entry: C:\Users\Parth\.p2\pool\plugins\org.eclipse.m2e.maven.runtime_3.8.701.20230209-1606\jars\aether-connector-okhttp-0.17.8.jar
2023-03-26 14:59:20,120 [Worker-2: Launching mavenrun-3213a209-fef6-4eeb-8621-7d53cd84a3f7] INFO  o.eclipse.m2e.core.internal.Bundles - 	Entry: C:\Users\Parth\.p2\pool\plugins\org.eclipse.m2e.maven.runtime_3.8.701.20230209-1606\jars\commons-lang3-3.8.1.jar
2023-03-26 14:59:20,120 [Worker-2: Launching mavenrun-3213a209-fef6-4eeb-8621-7d53cd84a3f7] INFO  o.eclipse.m2e.core.internal.Bundles - 	Entry: C:\Users\Parth\.p2\pool\plugins\org.eclipse.m2e.maven.runtime_3.8.701.20230209-1606\jars\guice-4.2.2-no_aop.jar
2023-03-26 14:59:20,120 [Worker-2: Launching mavenrun-3213a209-fef6-4eeb-8621-7d53cd84a3f7] INFO  o.eclipse.m2e.core.internal.Bundles - 	Entry: C:\Users\Parth\.p2\pool\plugins\org.eclipse.m2e.maven.runtime_3.8.701.20230209-1606\jars\jansi-2.4.0.jar
2023-03-26 14:59:20,120 [Worker-2: Launching mavenrun-3213a209-fef6-4eeb-8621-7d53cd84a3f7] INFO  o.eclipse.m2e.core.internal.Bundles - 	Entry: C:\Users\Parth\.p2\pool\plugins\org.eclipse.m2e.maven.runtime_3.8.701.20230209-1606\jars\maven-artifact-3.8.7.jar
2023-03-26 14:59:20,121 [Worker-2: Launching mavenrun-3213a209-fef6-4eeb-8621-7d53cd84a3f7] INFO  o.eclipse.m2e.core.internal.Bundles - 	Entry: C:\Users\Parth\.p2\pool\plugins\org.eclipse.m2e.maven.runtime_3.8.701.20230209-1606\jars\maven-builder-support-3.8.7.jar
2023-03-26 14:59:20,121 [Worker-2: Launching mavenrun-3213a209-fef6-4eeb-8621-7d53cd84a3f7] INFO  o.eclipse.m2e.core.internal.Bundles - 	Entry: C:\Users\Parth\.p2\pool\plugins\org.eclipse.m2e.maven.runtime_3.8.701.20230209-1606\jars\maven-compat-3.8.7.jar
2023-03-26 14:59:20,121 [Worker-2: Launching mavenrun-3213a209-fef6-4eeb-8621-7d53cd84a3f7] INFO  o.eclipse.m2e.core.internal.Bundles - 	Entry: C:\Users\Parth\.p2\pool\plugins\org.eclipse.m2e.maven.runtime_3.8.701.20230209-1606\jars\maven-core-3.8.7.jar
2023-03-26 14:59:20,121 [Worker-2: Launching mavenrun-3213a209-fef6-4eeb-8621-7d53cd84a3f7] INFO  o.eclipse.m2e.core.internal.Bundles - 	Entry: C:\Users\Parth\.p2\pool\plugins\org.eclipse.m2e.maven.runtime_3.8.701.20230209-1606\jars\maven-embedder-3.8.7.jar
2023-03-26 14:59:20,121 [Worker-2: Launching mavenrun-3213a209-fef6-4eeb-8621-7d53cd84a3f7] INFO  o.eclipse.m2e.core.internal.Bundles - 	Entry: C:\Users\Parth\.p2\pool\plugins\org.eclipse.m2e.maven.runtime_3.8.701.20230209-1606\jars\maven-model-3.8.7.jar
2023-03-26 14:59:20,121 [Worker-2: Launching mavenrun-3213a209-fef6-4eeb-8621-7d53cd84a3f7] INFO  o.eclipse.m2e.core.internal.Bundles - 	Entry: C:\Users\Parth\.p2\pool\plugins\org.eclipse.m2e.maven.runtime_3.8.701.20230209-1606\jars\maven-model-builder-3.8.7.jar
2023-03-26 14:59:20,121 [Worker-2: Launching mavenrun-3213a209-fef6-4eeb-8621-7d53cd84a3f7] INFO  o.eclipse.m2e.core.internal.Bundles - 	Entry: C:\Users\Parth\.p2\pool\plugins\org.eclipse.m2e.maven.runtime_3.8.701.20230209-1606\jars\maven-plugin-api-3.8.7.jar
2023-03-26 14:59:20,121 [Worker-2: Launching mavenrun-3213a209-fef6-4eeb-8621-7d53cd84a3f7] INFO  o.eclipse.m2e.core.internal.Bundles - 	Entry: C:\Users\Parth\.p2\pool\plugins\org.eclipse.m2e.maven.runtime_3.8.701.20230209-1606\jars\maven-repository-metadata-3.8.7.jar
2023-03-26 14:59:20,122 [Worker-2: Launching mavenrun-3213a209-fef6-4eeb-8621-7d53cd84a3f7] INFO  o.eclipse.m2e.core.internal.Bundles - 	Entry: C:\Users\Parth\.p2\pool\plugins\org.eclipse.m2e.maven.runtime_3.8.701.20230209-1606\jars\maven-resolver-api-1.6.3.jar
2023-03-26 14:59:20,122 [Worker-2: Launching mavenrun-3213a209-fef6-4eeb-8621-7d53cd84a3f7] INFO  o.eclipse.m2e.core.internal.Bundles - 	Entry: C:\Users\Parth\.p2\pool\plugins\org.eclipse.m2e.maven.runtime_3.8.701.20230209-1606\jars\maven-resolver-connector-basic-1.6.3.jar
2023-03-26 14:59:20,122 [Worker-2: Launching mavenrun-3213a209-fef6-4eeb-8621-7d53cd84a3f7] INFO  o.eclipse.m2e.core.internal.Bundles - 	Entry: C:\Users\Parth\.p2\pool\plugins\org.eclipse.m2e.maven.runtime_3.8.701.20230209-1606\jars\maven-resolver-impl-1.6.3.jar
2023-03-26 14:59:20,122 [Worker-2: Launching mavenrun-3213a209-fef6-4eeb-8621-7d53cd84a3f7] INFO  o.eclipse.m2e.core.internal.Bundles - 	Entry: C:\Users\Parth\.p2\pool\plugins\org.eclipse.m2e.maven.runtime_3.8.701.20230209-1606\jars\maven-resolver-provider-3.8.7.jar
2023-03-26 14:59:20,122 [Worker-2: Launching mavenrun-3213a209-fef6-4eeb-8621-7d53cd84a3f7] INFO  o.eclipse.m2e.core.internal.Bundles - 	Entry: C:\Users\Parth\.p2\pool\plugins\org.eclipse.m2e.maven.runtime_3.8.701.20230209-1606\jars\maven-resolver-spi-1.6.3.jar
2023-03-26 14:59:20,122 [Worker-2: Launching mavenrun-3213a209-fef6-4eeb-8621-7d53cd84a3f7] INFO  o.eclipse.m2e.core.internal.Bundles - 	Entry: C:\Users\Parth\.p2\pool\plugins\org.eclipse.m2e.maven.runtime_3.8.701.20230209-1606\jars\maven-resolver-transport-wagon-1.6.3.jar
2023-03-26 14:59:20,123 [Worker-2: Launching mavenrun-3213a209-fef6-4eeb-8621-7d53cd84a3f7] INFO  o.eclipse.m2e.core.internal.Bundles - 	Entry: C:\Users\Parth\.p2\pool\plugins\org.eclipse.m2e.maven.runtime_3.8.701.20230209-1606\jars\maven-resolver-util-1.6.3.jar
2023-03-26 14:59:20,123 [Worker-2: Launching mavenrun-3213a209-fef6-4eeb-8621-7d53cd84a3f7] INFO  o.eclipse.m2e.core.internal.Bundles - 	Entry: C:\Users\Parth\.p2\pool\plugins\org.eclipse.m2e.maven.runtime_3.8.701.20230209-1606\jars\maven-settings-3.8.7.jar
2023-03-26 14:59:20,123 [Worker-2: Launching mavenrun-3213a209-fef6-4eeb-8621-7d53cd84a3f7] INFO  o.eclipse.m2e.core.internal.Bundles - 	Entry: C:\Users\Parth\.p2\pool\plugins\org.eclipse.m2e.maven.runtime_3.8.701.20230209-1606\jars\maven-settings-builder-3.8.7.jar
2023-03-26 14:59:20,123 [Worker-2: Launching mavenrun-3213a209-fef6-4eeb-8621-7d53cd84a3f7] INFO  o.eclipse.m2e.core.internal.Bundles - 	Entry: C:\Users\Parth\.p2\pool\plugins\org.eclipse.m2e.maven.runtime_3.8.701.20230209-1606\jars\maven-shared-utils-3.3.4.jar
2023-03-26 14:59:20,123 [Worker-2: Launching mavenrun-3213a209-fef6-4eeb-8621-7d53cd84a3f7] INFO  o.eclipse.m2e.core.internal.Bundles - 	Entry: C:\Users\Parth\.p2\pool\plugins\org.eclipse.m2e.maven.runtime_3.8.701.20230209-1606\jars\okhttp-3.14.1.jar
2023-03-26 14:59:20,123 [Worker-2: Launching mavenrun-3213a209-fef6-4eeb-8621-7d53cd84a3f7] INFO  o.eclipse.m2e.core.internal.Bundles - 	Entry: C:\Users\Parth\.p2\pool\plugins\org.eclipse.m2e.maven.runtime_3.8.701.20230209-1606\jars\okio-1.17.3.jar
2023-03-26 14:59:20,123 [Worker-2: Launching mavenrun-3213a209-fef6-4eeb-8621-7d53cd84a3f7] INFO  o.eclipse.m2e.core.internal.Bundles - 	Entry: C:\Users\Parth\.p2\pool\plugins\org.eclipse.m2e.maven.runtime_3.8.701.20230209-1606\jars\org.eclipse.sisu.inject-0.3.5.jar
2023-03-26 14:59:20,123 [Worker-2: Launching mavenrun-3213a209-fef6-4eeb-8621-7d53cd84a3f7] INFO  o.eclipse.m2e.core.internal.Bundles - 	Entry: C:\Users\Parth\.p2\pool\plugins\org.eclipse.m2e.maven.runtime_3.8.701.20230209-1606\jars\org.eclipse.sisu.plexus-0.3.5.jar
2023-03-26 14:59:20,124 [Worker-2: Launching mavenrun-3213a209-fef6-4eeb-8621-7d53cd84a3f7] INFO  o.eclipse.m2e.core.internal.Bundles - 	Entry: C:\Users\Parth\.p2\pool\plugins\org.eclipse.m2e.maven.runtime_3.8.701.20230209-1606\jars\plexus-build-api-0.0.7.jar
2023-03-26 14:59:20,124 [Worker-2: Launching mavenrun-3213a209-fef6-4eeb-8621-7d53cd84a3f7] INFO  o.eclipse.m2e.core.internal.Bundles - 	Entry: C:\Users\Parth\.p2\pool\plugins\org.eclipse.m2e.maven.runtime_3.8.701.20230209-1606\jars\plexus-cipher-2.0.jar
2023-03-26 14:59:20,124 [Worker-2: Launching mavenrun-3213a209-fef6-4eeb-8621-7d53cd84a3f7] INFO  o.eclipse.m2e.core.internal.Bundles - 	Entry: C:\Users\Parth\.p2\pool\plugins\org.eclipse.m2e.maven.runtime_3.8.701.20230209-1606\jars\plexus-classworlds-2.6.0.jar
2023-03-26 14:59:20,124 [Worker-2: Launching mavenrun-3213a209-fef6-4eeb-8621-7d53cd84a3f7] INFO  o.eclipse.m2e.core.internal.Bundles - 	Entry: C:\Users\Parth\.p2\pool\plugins\org.eclipse.m2e.maven.runtime_3.8.701.20230209-1606\jars\plexus-component-annotations-2.1.0.jar
2023-03-26 14:59:20,124 [Worker-2: Launching mavenrun-3213a209-fef6-4eeb-8621-7d53cd84a3f7] INFO  o.eclipse.m2e.core.internal.Bundles - 	Entry: C:\Users\Parth\.p2\pool\plugins\org.eclipse.m2e.maven.runtime_3.8.701.20230209-1606\jars\plexus-interpolation-1.26.jar
2023-03-26 14:59:20,124 [Worker-2: Launching mavenrun-3213a209-fef6-4eeb-8621-7d53cd84a3f7] INFO  o.eclipse.m2e.core.internal.Bundles - 	Entry: C:\Users\Parth\.p2\pool\plugins\org.eclipse.m2e.maven.runtime_3.8.701.20230209-1606\jars\plexus-sec-dispatcher-2.0.jar
2023-03-26 14:59:20,125 [Worker-2: Launching mavenrun-3213a209-fef6-4eeb-8621-7d53cd84a3f7] INFO  o.eclipse.m2e.core.internal.Bundles - 	Entry: C:\Users\Parth\.p2\pool\plugins\org.eclipse.m2e.maven.runtime_3.8.701.20230209-1606\jars\plexus-utils-3.3.1.jar
2023-03-26 14:59:20,125 [Worker-2: Launching mavenrun-3213a209-fef6-4eeb-8621-7d53cd84a3f7] INFO  o.eclipse.m2e.core.internal.Bundles - 	Entry: C:\Users\Parth\.p2\pool\plugins\org.eclipse.m2e.maven.runtime_3.8.701.20230209-1606\jars\wagon-file-3.5.3.jar
2023-03-26 14:59:20,125 [Worker-2: Launching mavenrun-3213a209-fef6-4eeb-8621-7d53cd84a3f7] INFO  o.eclipse.m2e.core.internal.Bundles - 	Entry: C:\Users\Parth\.p2\pool\plugins\org.eclipse.m2e.maven.runtime_3.8.701.20230209-1606\jars\wagon-provider-api-3.5.3.jar
2023-03-26 14:59:20,127 [Worker-2: Launching mavenrun-3213a209-fef6-4eeb-8621-7d53cd84a3f7] INFO  o.eclipse.m2e.core.internal.Bundles - getClasspathEntries(Bundle=com.google.guava_31.1.0.jre [11])
2023-03-26 14:59:20,128 [Worker-2: Launching mavenrun-3213a209-fef6-4eeb-8621-7d53cd84a3f7] INFO  o.eclipse.m2e.core.internal.Bundles - 	Entry: C:\Users\Parth\.p2\pool\plugins\com.google.guava_31.1.0.jre.jar
2023-03-26 14:59:20,128 [Worker-2: Launching mavenrun-3213a209-fef6-4eeb-8621-7d53cd84a3f7] INFO  o.eclipse.m2e.core.internal.Bundles - getClasspathEntries(Bundle=slf4j.api_1.7.36 [921])
2023-03-26 14:59:20,129 [Worker-2: Launching mavenrun-3213a209-fef6-4eeb-8621-7d53cd84a3f7] INFO  o.eclipse.m2e.core.internal.Bundles - 	Entry: C:\Users\Parth\.p2\pool\plugins\slf4j.api_1.7.36.jar
2023-03-26 14:59:20,129 [Worker-2: Launching mavenrun-3213a209-fef6-4eeb-8621-7d53cd84a3f7] INFO  o.eclipse.m2e.core.internal.Bundles - getClasspathEntries(Bundle=javax.inject_1.0.0.v20220405-0441 [35])
2023-03-26 14:59:20,140 [Worker-2: Launching mavenrun-3213a209-fef6-4eeb-8621-7d53cd84a3f7] INFO  o.eclipse.m2e.core.internal.Bundles - 	Entry: C:\Users\Parth\.p2\pool\plugins\javax.inject_1.0.0.v20220405-0441.jar
2023-03-26 14:59:20,141 [Worker-2: Launching mavenrun-3213a209-fef6-4eeb-8621-7d53cd84a3f7] INFO  o.eclipse.m2e.core.internal.Bundles - getClasspathEntries(Bundle=javax.annotation_1.3.5.v20221203-1659 [33])
2023-03-26 14:59:20,143 [Worker-2: Launching mavenrun-3213a209-fef6-4eeb-8621-7d53cd84a3f7] INFO  o.eclipse.m2e.core.internal.Bundles - 	Entry: C:\Users\Parth\.p2\pool\plugins\javax.annotation_1.3.5.v20221203-1659.jar
2023-03-26 14:59:20,143 [Worker-2: Launching mavenrun-3213a209-fef6-4eeb-8621-7d53cd84a3f7] INFO  o.eclipse.m2e.core.internal.Bundles - getClasspathEntries(Bundle=org.apache.commons.cli_1.4.0.v20221112-0806 [67])
2023-03-26 14:59:20,144 [Worker-2: Launching mavenrun-3213a209-fef6-4eeb-8621-7d53cd84a3f7] INFO  o.eclipse.m2e.core.internal.Bundles - 	Entry: C:\Users\Parth\.p2\pool\plugins\org.apache.commons.cli_1.4.0.v20221112-0806.jar
2023-03-26 14:59:20,145 [Worker-2: Launching mavenrun-3213a209-fef6-4eeb-8621-7d53cd84a3f7] INFO  o.eclipse.m2e.core.internal.Bundles - getClasspathEntries(Bundle=com.google.guava.failureaccess_1.0.1 [13])
2023-03-26 14:59:20,148 [Worker-2: Launching mavenrun-3213a209-fef6-4eeb-8621-7d53cd84a3f7] INFO  o.eclipse.m2e.core.internal.Bundles - 	Entry: C:\Users\Parth\.p2\pool\plugins\com.google.guava.failureaccess_1.0.1.jar
2023-03-26 14:59:20,166 [Worker-2: Launching mavenrun-3213a209-fef6-4eeb-8621-7d53cd84a3f7] INFO  o.e.m.i.launch.MavenLaunchDelegate - Run build in "C:\Users\Parth\AppData\Local\Temp\m2e-archetypeGenerator1346595722325371712":
2023-03-26 14:59:20,180 [Worker-2: Launching mavenrun-3213a209-fef6-4eeb-8621-7d53cd84a3f7] INFO  o.e.m.i.launch.MavenLaunchDelegate -  mvn  -DarchetypeGroupId=org.apache.maven.archetypes -DarchetypeArtifactId=maven-archetype-webapp -DarchetypeVersion=1.0 -DgroupId=com.todo -DartifactId=NoteTaker -Dversion=0.0.1-SNAPSHOT -Dpackage=com.todo.NoteTaker -DoutputDirectory=D:\NoteTaker -Dstyle.color=always -U archetype:generate
